D:\EmiL\EM\U+0130L AUTOCAD\A Yag Rafinasiya avadanl\U+0131qlar\U+0131\AVADANLIQLAR\Dezodorator\Dezodorator 2D RUS variant\U+0131.dwg,Model,11.04.2022 9:05:19,Emil,DWG To PDF.pc3,ISO A4 (210.00 x 297.00 MM),1:32.1331,
D:\EmiL\EM\U+0130L AUTOCAD\A Yag Rafinasiya avadanl\U+0131qlar\U+0131\AVADANLIQLAR\Neytralizator\Neytralizator ve Yuma  2D.dwg,Model,11.04.2022 9:07:53,Emil,DWG To PDF.pc3,ISO A4 (210.00 x 297.00 MM),1:45.4454,
D:\EmiL\EM\U+0130L AUTOCAD\A Yag Rafinasiya avadanl\U+0131qlar\U+0131\AVADANLIQLAR\Vakuum quruducu qazan\Vakuum quruducu qazan 2D.dwg,Model,11.04.2022 9:09:11,Emil,DWG To PDF.pc3,ISO A4 (210.00 x 297.00 MM),1:36.3563,
D:\EmiL\EM\U+0130L AUTOCAD\A Yag Rafinasiya avadanl\U+0131qlar\U+0131\AVADANLIQLAR\Soyuducu qazan\U+0131\Soyuducu qazan\U+0131 2D.dwg,Model,11.04.2022 9:10:21,Emil,DWG To PDF.pc3,ISO A4 (210.00 x 297.00 MM),1:44.9864,
D:\EmiL\EM\U+0130L AUTOCAD\AEROZOL\Aerozol 2D.dwg,Model,11.04.2022 9:12:36,Emil,DWG To PDF.pc3,ISO expand A4 (210.00 x 297.00 MM),1:12.0095,
D:\EmiL\EMIL AUTOCAD Karvan-L\Elave sifarisler\Misar g\U+00F6vd\U+0259si\Misar.dwg,Model,11.04.2022 9:17:56,Emil,DWG To PDF.pc3,ISO expand A4 (210.00 x 297.00 MM),1:12.9433,
D:\EmiL\EMIL AUTOCAD Karvan-L\Elave sifarisler\Terrarium\Terrarium 5 bucaqli\terrarium 3D.dwg,Model,11.04.2022 9:20:21,Emil,PublishToWeb JPG.pc3,Sun Hi-Res (1600.00 x 1280.00 Pixels),1:0.628879,
D:\EmiL\EMIL AUTOCAD Karvan-L\Elave sifarisler\Terrarium\Terrarium 6 bucaqli\terrarium 6 bucaqli 3D.dwg,Model,11.04.2022 9:23:28,Emil,PublishToWeb PNG.pc3,Sun Hi-Res (1600.00 x 1280.00 Pixels),1:1,
D:\EmiL\EMIL AUTOCAD Karvan-L\Elave sifarisler\KM\1. is Tum qurutma\Tentrafuqa Val d50 UCF 208\Tentrafuqa 2D val D50 Yastiq UCF 208 (1).dwg,Model,11.04.2022 9:25:58,Emil,DWG To PDF.pc3,ISO expand A4 (210.00 x 297.00 MM),1:14.076,
D:\EmiL\EMIL AUTOCAD Karvan-L\Elave sifarisler\KM\2. is Konveyer\Konveyer 2D 1.dwg,Model,11.04.2022 9:27:49,Emil,DWG To PDF.pc3,ISO expand A4 (210.00 x 297.00 MM),1:26.5159,
D:\EmiL\EMIL AUTOCAD Karvan-L\Elave sifarisler\KM\4. is Duz vannasi\Duz vannasi 2 D.dwg,Model,11.04.2022 9:30:27,Emil,DWG To PDF.pc3,ISO expand A4 (210.00 x 297.00 MM),1:16.3566,
D:\EmiL\EMIL AUTOCAD Karvan-L\Elave sifarisler\KM\5. is Kicik Transportyor\Transportyor 2D.dwg,Model,11.04.2022 9:31:36,Emil,DWG To PDF.pc3,ISO expand A4 (210.00 x 297.00 MM),1:20.5204,
D:\EmiL\EMIL AUTOCAD Karvan-L\Elave sifarisler\KM\7. is  4 cixisli  bunker\4 Cixisli Bunker\4 Cixisli Bunker 2 D.dwg,Model,11.04.2022 9:33:55,Emil,DWG To PDF.pc3,ANSI expand A (8.50 x 11.00 Inches),1:228.647,
D:\EmiL\EMIL AUTOCAD Karvan-L\Elave sifarisler\KM\9. is Paketleme transportyor\Paketl\U+0259m\U+0259 Transportyor 2 D.dwg,Model,11.04.2022 9:36:06,Emil,DWG To PDF.pc3,ISO expand A4 (210.00 x 297.00 MM),1:13.4001,
D:\EmiL\EMIL AUTOCAD Karvan-L\Elave sifarisler\KM\12. Kavurma Makinas\U+0131\Konveyer hisse\Konveyer hiss\U+0259 2D.dwg,Model,11.04.2022 9:42:44,Emil,DWG To PDF.pc3,ISO A4 (210.00 x 297.00 MM),1:26.27,
D:\EmiL\EMIL AUTOCAD Karvan-L\Iceri seher\iceriseher \U+00E7\U+00F6l d\U+00F6\U+015F\U+0259m\U+0259 2D.dwg,Model,11.04.2022 10:18:42,Emil,DWG To PDF.pc3,ISO expand A4 (210.00 x 297.00 MM),1:41.8896,
C:\Users\Emil\Desktop\Komur Press (Emil Petrol).dwg,Model,11.04.2022 10:35:07,Emil,HP Laser 103 107 108,A4,1:1.05042,
C:\Users\Emil\Desktop\Komur Press (Emil Petrol).dwg,Model,11.04.2022 10:37:15,Emil,HP Laser 103 107 108,A4,1:5.9424,
C:\Users\Emil\Desktop\Komur Press (Emil Petrol).dwg,Model,11.04.2022 10:37:23,Emil,HP Laser 103 107 108,A4,1:1.05042,
C:\Users\Emil\Desktop\Komur Press (Emil Petrol).dwg,Model,11.04.2022 10:38:13,Emil,HP Laser 103 107 108,A4,1:5.9424,
C:\Users\Emil\Desktop\Komur Press (Emil Petrol).dwg,Model,11.04.2022 10:38:32,Emil,HP Laser 103 107 108,A4,1:2.9712,
C:\Users\Emil\Desktop\Komur Press (Emil Petrol).dwg,Model,11.04.2022 10:39:09,Emil,HP Laser 103 107 108,A4,1:2.9712,
C:\Users\Emil\Desktop\Komur Press (Emil Petrol).dwg,Model,11.04.2022 10:39:18,Emil,HP Laser 103 107 108,A4,1:2.62606,
C:\Users\Emil\Desktop\Komur Press (Emil Petrol).dwg,Model,11.04.2022 10:40:42,Emil,HP Laser 103 107 108,A4,1:3.714,
C:\Users\Emil\Desktop\Komur Press (Emil Petrol).dwg,Model,11.04.2022 10:41:02,Emil,HP Laser 103 107 108,A4,1:2.10085,
C:\Users\Emil\Desktop\Komur Press (Emil Petrol).dwg,Model,11.04.2022 10:41:18,Emil,HP Laser 103 107 108,A4,1:9.45382,
C:\Users\Emil\Desktop\Komur Press (Emil Petrol).dwg,Model,11.04.2022 10:58:57,Emil,HP Laser 103 107 108,A4,1:2.9712,
C:\Users\Emil\Desktop\Komur Press (Emil Petrol).dwg,Model,11.04.2022 10:59:09,Emil,HP Laser 103 107 108,A4,1:5.9424,
C:\Users\Emil\Desktop\Komur Press (Emil Petrol).dwg,Model,11.04.2022 10:59:23,Emil,HP Laser 103 107 108,A4,1:5.9424,
C:\Users\Emil\Desktop\Komur Press (Emil Petrol).dwg,Model,11.04.2022 10:59:41,Emil,HP Laser 103 107 108,A4,1:3.714,
C:\Users\Emil\Desktop\Komur Press (Emil Petrol).dwg,Model,11.04.2022 10:59:55,Emil,HP Laser 103 107 108,A4,1:2.10085,
